<?xml version="1.0" encoding="utf-8"?><testsuites><testsuite errors="0" failures="0" hostname="matischroder" name="pytest" skipped="0" tests="5" time="10.063" timestamp="2021-07-27T14:57:27.890040"><testcase classname="test.UnitTest" file="test.py" line="23" name="test_get_voter_id_cookie" time="1.417"></testcase><testcase classname="test.UnitTest" file="test.py" line="11" name="test_post_status" time="0.864"></testcase><testcase classname="test.UnitTest" file="test.py" line="19" name="test_post_status_400" time="3.560"></testcase><testcase classname="test.UnitTest" file="test.py" line="32" name="test_set_new_cookie" time="3.069"></testcase><testcase classname="test.UnitTest" file="test.py" line="7" name="test_status" time="1.087"></testcase></testsuite></testsuites>