<?xml version="1.0" encoding="utf-8"?><testsuites><testsuite errors="0" failures="0" hostname="matischroder" name="pytest" skipped="0" tests="0" time="0.073" timestamp="2021-07-27T14:11:35.174225"></testsuite></testsuites>