<?xml version="1.0" encoding="utf-8"?><testsuites><testsuite errors="0" failures="0" hostname="matischroder" name="pytest" skipped="0" tests="0" time="0.074" timestamp="2021-07-27T14:33:25.642585"></testsuite></testsuites>