<?xml version="1.0" encoding="utf-8"?><testsuites><testsuite errors="0" failures="0" hostname="matischroder" name="pytest" skipped="0" tests="5" time="9.022" timestamp="2021-07-27T14:56:42.860838"><testcase classname="vote.test.app.test.UnitTest" file="vote/test/app/test.py" line="23" name="test_get_voter_id_cookie" time="2.605"></testcase><testcase classname="vote.test.app.test.UnitTest" file="vote/test/app/test.py" line="11" name="test_post_status" time="2.153"></testcase><testcase classname="vote.test.app.test.UnitTest" file="vote/test/app/test.py" line="19" name="test_post_status_400" time="1.580"></testcase><testcase classname="vote.test.app.test.UnitTest" file="vote/test/app/test.py" line="32" name="test_set_new_cookie" time="1.637"></testcase><testcase classname="vote.test.app.test.UnitTest" file="vote/test/app/test.py" line="7" name="test_status" time="0.985"></testcase></testsuite></testsuites>